<?xml version="1.0" encoding="UTF-8"?>
<!-- Generated by org.testng.reporters.JUnitXMLReporter -->
<testsuite ignored="1" hostname="LTIN679133" failures="1" tests="3" name="Test" time="18.684" errors="0" timestamp="2025-10-19T12:06:44 IST">
  <testcase classname="CognizantTestngPractice.OrangeHrmExample" name="signup" time="2.354">
    <failure type="java.lang.AssertionError" message="The following asserts failed:
	expected [https://opensource-demo.orangehrmlive.com/web/index.php/dashboard/inde] but found [https://opensource-demo.orangehrmlive.com/web/index.php/dashboard/index]">
      <![CDATA[java.lang.AssertionError: The following asserts failed:
expected [https://opensource-demo.orangehrmlive.com/web/index.php/dashboard/inde] but found [https://opensource-demo.orangehrmlive.com/web/index.php/dashboard/index]
at CognizantTestngPractice.OrangeHrmExample.signup(OrangeHrmExample.java:42)
at java.base/java.util.ArrayList.forEach(ArrayList.java:1596)
... Removed 27 stack frames]]>
    </failure>
  </testcase> <!-- signup -->
  <testcase classname="CognizantTestngPractice.OrangeHrmExample" name="FailedLoginException" time="0.002"/>
  <testcase classname="CognizantTestngPractice.OrangeHrmExample" name="Login" time="0.0">
    <skipped/>
  </testcase> <!-- Login -->
  <testcase classname="CognizantTestngPractice.OrangeHrmExample" name="skipp" time="0.0">
    <ignored/>
  </testcase> <!-- skipp -->
</testsuite> <!-- Test -->
